<?xml version="1.0" encoding="UTF-8"?>
<!-- Generated by org.testng.reporters.JUnitReportReporter -->
<testsuite hostname="DESKTOP-7CQA1LF" failures="0" tests="9" name="tests.PlaningFlowTest" time="54.028" errors="0" timestamp="2022-12-05T10:55:36 IST" skipped="0">
  <testcase classname="tests.PlaningFlowTest" name="tc03_planningTest" time="6.046"/>
  <system-out/>
  <testcase classname="tests.PlaningFlowTest" name="tc02_planningTest" time="2.553"/>
  <system-out/>
  <testcase classname="tests.PlaningFlowTest" name="tc04_planningTest" time="2.387"/>
  <system-out/>
  <testcase classname="tests.PlaningFlowTest" name="tc05_planningTest" time="19.281"/>
  <system-out/>
  <testcase classname="tests.PlaningFlowTest" name="tc09_planningTest" time="10.517"/>
  <system-out/>
  <testcase classname="tests.PlaningFlowTest" name="tc01_PlaningTest" time="1.637"/>
  <system-out/>
  <testcase classname="tests.PlaningFlowTest" name="tc06_planningTest" time="2.932"/>
  <system-out/>
  <testcase classname="tests.PlaningFlowTest" name="tc08_planningTest" time="5.471"/>
  <system-out/>
  <testcase classname="tests.PlaningFlowTest" name="tc07_planningTest" time="3.204"/>
  <system-out/>
</testsuite> <!-- tests.PlaningFlowTest -->
