<?xml version="1.0" encoding="UTF-8"?>
<!-- Generated by org.testng.reporters.JUnitReportReporter -->
<testsuite hostname="DESKTOP-7CQA1LF" failures="0" tests="2" name="tests.InspireMeTest" time="22.883" errors="0" timestamp="2022-12-05T09:37:13 IST" skipped="0">
  <testcase classname="tests.InspireMeTest" name="tc02_InspireMeTest" time="16.866"/>
  <system-out/>
  <testcase classname="tests.InspireMeTest" name="tc01_InspireMeTest" time="6.017"/>
  <system-out/>
</testsuite> <!-- tests.InspireMeTest -->
