<?xml version="1.0" encoding="UTF-8"?>
<!-- Generated by org.testng.reporters.JUnitReportReporter -->
<testsuite skipped="0" hostname="DESKTOP-7CQA1LF" name="tests.MyTripsTest" tests="4" failures="0" timestamp="2022-12-05T13:05:31 IST" time="35.435" errors="0">
  <testcase name="tc03_MyTripsTest" time="5.427" classname="tests.MyTripsTest"/>
  <system-out/>
  <testcase name="tc04_MyTripsTest" time="6.810" classname="tests.MyTripsTest"/>
  <system-out/>
  <testcase name="tc02_MyTripsTest" time="7.744" classname="tests.MyTripsTest"/>
  <system-out/>
  <testcase name="tc01_MyTripsTest" time="15.454" classname="tests.MyTripsTest"/>
  <system-out/>
</testsuite> <!-- tests.MyTripsTest -->
