<?xml version="1.0" encoding="UTF-8"?>
<!-- Generated by org.testng.reporters.JUnitReportReporter -->
<testsuite skipped="0" hostname="DESKTOP-7CQA1LF" name="tests.LoginTest" tests="4" failures="0" timestamp="2022-12-05T13:05:31 IST" time="9.386" errors="0">
  <testcase name="tc01_login" time="1.454" classname="tests.LoginTest"/>
  <system-out/>
  <testcase name="tc02_login" time="1.072" classname="tests.LoginTest"/>
  <system-out/>
  <testcase name="tc04_login" time="3.186" classname="tests.LoginTest"/>
  <system-out/>
  <testcase name="tc03_login" time="3.674" classname="tests.LoginTest"/>
  <system-out/>
</testsuite> <!-- tests.LoginTest -->
