<?xml version="1.0" encoding="UTF-8"?>
<!-- Generated by org.testng.reporters.JUnitReportReporter -->
<testsuite skipped="0" hostname="DESKTOP-7CQA1LF" name="tests.PlaningFlowTest" tests="9" failures="0" timestamp="2022-12-05T13:05:31 IST" time="64.074" errors="0">
  <testcase name="tc06_planningTest" time="3.121" classname="tests.PlaningFlowTest"/>
  <system-out/>
  <testcase name="tc04_planningTest" time="2.809" classname="tests.PlaningFlowTest"/>
  <system-out/>
  <testcase name="tc01_PlaningTest" time="1.661" classname="tests.PlaningFlowTest"/>
  <system-out/>
  <testcase name="tc09_planningTest" time="10.628" classname="tests.PlaningFlowTest"/>
  <system-out/>
  <testcase name="tc07_planningTest" time="5.659" classname="tests.PlaningFlowTest"/>
  <system-out/>
  <testcase name="tc03_planningTest" time="6.311" classname="tests.PlaningFlowTest"/>
  <system-out/>
  <testcase name="tc02_planningTest" time="2.150" classname="tests.PlaningFlowTest"/>
  <system-out/>
  <testcase name="tc08_planningTest" time="10.733" classname="tests.PlaningFlowTest"/>
  <system-out/>
  <testcase name="tc05_planningTest" time="21.002" classname="tests.PlaningFlowTest"/>
  <system-out/>
</testsuite> <!-- tests.PlaningFlowTest -->
