<?xml version="1.0" encoding="UTF-8"?>
<!-- Generated by org.testng.reporters.JUnitReportReporter -->
<testsuite skipped="0" hostname="DESKTOP-7CQA1LF" name="tests.LoginTest" tests="4" failures="0" timestamp="2022-12-07T17:45:44 IST" time="7.923" errors="0">
  <testcase name="tc03_login" time="3.023" classname="tests.LoginTest"/>
  <system-out/>
  <testcase name="tc04_login" time="2.420" classname="tests.LoginTest"/>
  <system-out/>
  <testcase name="tc01_login" time="1.289" classname="tests.LoginTest"/>
  <system-out/>
  <testcase name="tc02_login" time="1.191" classname="tests.LoginTest"/>
  <system-out/>
</testsuite> <!-- tests.LoginTest -->
