<?xml version="1.0" encoding="UTF-8"?>
<!-- Generated by org.testng.reporters.JUnitReportReporter -->
<testsuite skipped="0" hostname="DESKTOP-7CQA1LF" name="tests.InspireMeTest" tests="2" failures="0" timestamp="2022-12-05T13:05:31 IST" time="22.874" errors="0">
  <testcase name="tc01_InspireMeTest" time="5.800" classname="tests.InspireMeTest"/>
  <system-out/>
  <testcase name="tc02_InspireMeTest" time="17.074" classname="tests.InspireMeTest"/>
  <system-out/>
</testsuite> <!-- tests.InspireMeTest -->
