<?xml version="1.0" encoding="UTF-8"?>
<!-- Generated by org.testng.reporters.JUnitReportReporter -->
<testsuite skipped="0" hostname="DESKTOP-7CQA1LF" name="tests.DestinationTest" tests="2" failures="0" timestamp="2022-12-05T13:05:31 IST" time="6.446" errors="0">
  <testcase name="tc01_destinationTest" time="3.786" classname="tests.DestinationTest"/>
  <system-out/>
  <testcase name="tc02_destinationTest" time="2.660" classname="tests.DestinationTest"/>
  <system-out/>
</testsuite> <!-- tests.DestinationTest -->
