<?xml version="1.0" encoding="UTF-8"?>
<!-- Generated by org.testng.reporters.JUnitReportReporter -->
<testsuite skipped="0" hostname="DESKTOP-7CQA1LF" name="tests.PlaningFlowTest" tests="9" failures="0" timestamp="2022-12-07T17:45:44 IST" time="59.812" errors="0">
  <testcase name="tc09_planningTest" time="10.428" classname="tests.PlaningFlowTest"/>
  <system-out/>
  <testcase name="tc02_planningTest" time="1.999" classname="tests.PlaningFlowTest"/>
  <system-out/>
  <testcase name="tc04_planningTest" time="2.858" classname="tests.PlaningFlowTest"/>
  <system-out/>
  <testcase name="tc06_planningTest" time="2.756" classname="tests.PlaningFlowTest"/>
  <system-out/>
  <testcase name="tc05_planningTest" time="19.669" classname="tests.PlaningFlowTest"/>
  <system-out/>
  <testcase name="tc07_planningTest" time="2.910" classname="tests.PlaningFlowTest"/>
  <system-out/>
  <testcase name="tc08_planningTest" time="10.510" classname="tests.PlaningFlowTest"/>
  <system-out/>
  <testcase name="tc01_PlaningTest" time="1.480" classname="tests.PlaningFlowTest"/>
  <system-out/>
  <testcase name="tc03_planningTest" time="7.202" classname="tests.PlaningFlowTest"/>
  <system-out/>
</testsuite> <!-- tests.PlaningFlowTest -->
